<?xml version="1.0" encoding="UTF-8"?>
<testng-results ignored="0" total="1" passed="1" failed="0" skipped="0">
  <reporter-output>
  </reporter-output>
  <suite started-at="2023-07-02T14:53:30 PDT" name="Default suite" finished-at="2023-07-02T14:53:46 PDT" duration-ms="16111">
    <groups>
    </groups>
    <test started-at="2023-07-02T14:53:30 PDT" name="Default test" finished-at="2023-07-02T14:53:46 PDT" duration-ms="16111">
      <class name="org.mehrdad.IOSBasics">
        <test-method is-config="true" signature="ConfigureAppium()[pri:0, instance:org.mehrdad.IOSBasics@1a75e76a]" started-at="2023-07-02T14:53:30 PDT" name="ConfigureAppium" finished-at="2023-07-02T14:53:38 PDT" duration-ms="7893" status="PASS">
          <reporter-output>
          </reporter-output>
        </test-method> <!-- ConfigureAppium -->
        <test-method signature="IOSBasicTest()[pri:0, instance:org.mehrdad.IOSBasics@1a75e76a]" started-at="2023-07-02T14:53:38 PDT" name="IOSBasicTest" finished-at="2023-07-02T14:53:45 PDT" duration-ms="7088" status="PASS">
          <reporter-output>
          </reporter-output>
        </test-method> <!-- IOSBasicTest -->
        <test-method is-config="true" signature="tearDown()[pri:0, instance:org.mehrdad.IOSBasics@1a75e76a]" started-at="2023-07-02T14:53:45 PDT" name="tearDown" finished-at="2023-07-02T14:53:46 PDT" duration-ms="1077" status="PASS">
          <reporter-output>
          </reporter-output>
        </test-method> <!-- tearDown -->
      </class> <!-- org.mehrdad.IOSBasics -->
    </test> <!-- Default test -->
  </suite> <!-- Default suite -->
</testng-results>
