<?xml version="1.0" encoding="UTF-8"?>
<!-- Generated by org.testng.reporters.JUnitXMLReporter -->
<testsuite ignored="2" hostname="Mehrdads-MBP.lan" failures="0" tests="0" time="0.0" errors="0" timestamp="2023-05-31T15:21:49 PDT">
  <testcase classname="org.mehrdad.eCommerce_tc_1" name="FillForm_ErrorValidation" time="0.0">
    <ignored/>
  </testcase> <!-- FillForm_ErrorValidation -->
  <testcase classname="org.mehrdad.eCommerce_tc_1" name="FillForm_PositiveFlow" time="0.0">
    <ignored/>
  </testcase> <!-- FillForm_PositiveFlow -->
</testsuite>
