<?xml version="1.0" encoding="UTF-8"?>
<!-- Generated by org.testng.reporters.JUnitXMLReporter -->
<testsuite ignored="0" hostname="Mehrdads-MBP.lan" failures="0" tests="2" name="Error Validations Test" time="0.02" errors="0" timestamp="2023-06-13T15:49:20 PDT">
  <testcase classname="org.mehrdad.eCommerce_tc_1" name="FillForm_ErrorValidation" time="0.0">
    <skipped/>
  </testcase> <!-- FillForm_ErrorValidation -->
  <testcase classname="org.mehrdad.eCommerce_tc_1" name="FillForm_PositiveFlow" time="0.0">
    <skipped/>
  </testcase> <!-- FillForm_PositiveFlow -->
</testsuite> <!-- Error Validations Test -->
